
Session Start: Fri May 01 16:56:51 2009
Session Ident: #gerty
[16:56:51] * Now talking in #gerty
[16:56:51] * Topic is ''
[16:56:51] * Set by ChanServ!services@swiftirc.net on Thu Apr 30 23:59:17
Session Close: Fri May 01 16:57:16 2009

Session Start: Fri May 01 16:57:16 2009
Session Ident: #gerty
[16:57:16] * Disconnected
Session Close: Fri May 01 16:57:17 2009

Session Start: Fri May 01 17:33:46 2009
Session Ident: #gerty
[17:33:46] * Now talking in #gerty
[17:33:46] * Topic is ''
[17:33:46] * Set by ChanServ!services@swiftirc.net on Thu Apr 30 23:59:17
[17:36:16] <Elessar> Choose one:
[17:36:21] <Elessar> * Use Unix style endings
[17:36:32] <Elessar> * Use Windows style line endings
[17:36:41] <Elessar> * Commit line endings as they are
[17:37:29] <P_Gertrude> as they are
[17:38:17] <Elessar> well
[17:38:21] <Elessar> SSElessar.net is mine
[17:38:23] <Elessar> *shrugs*
[17:38:26] <P_Gertrude> lol
[17:38:58] <Elessar> done
[17:39:15] <P_Gertrude> need an account on github
[17:39:18] <Elessar> I'll try to get it open this weekend
[17:39:26] <Elessar> want to try it out then?
Session Close: Fri May 01 17:39:52 2009
